2024-02-06 08:27:23,877 - eliza.py[line:227] - INFO: ---respond:hh---
2024-02-06 08:27:24,037 - eliza.py[line:234] - DEBUG: After punctuation cleanupv 有效词语: "hh"
2024-02-06 08:27:24,099 - eliza.py[line:237] - INFO: Input 输入: ['hh']
2024-02-06 08:27:24,107 - eliza.py[line:240] - DEBUG: After pre-substitution 统一用词: ['hh']
2024-02-06 08:27:24,160 - eliza.py[line:245] - INFO: Sorted keys 被匹配的关键词: []
2024-02-06 08:27:24,202 - eliza.py[line:262] - DEBUG: Output from xnone: ["I'm", 'not', 'sure', 'I', 'understand', 'you', 'fully.']
2024-02-06 08:27:30,152 - eliza.py[line:227] - INFO: ---respond:g---
2024-02-06 08:27:30,156 - eliza.py[line:234] - DEBUG: After punctuation cleanupv 有效词语: "g"
2024-02-06 08:27:30,157 - eliza.py[line:237] - INFO: Input 输入: ['g']
2024-02-06 08:27:30,158 - eliza.py[line:240] - DEBUG: After pre-substitution 统一用词: ['g']
2024-02-06 08:27:30,160 - eliza.py[line:245] - INFO: Sorted keys 被匹配的关键词: []
2024-02-06 08:27:30,164 - eliza.py[line:262] - DEBUG: Output from xnone: ['Please', 'go', 'on.']
2024-02-06 08:27:31,920 - eliza.py[line:227] - INFO: ---respond:ggg---
2024-02-06 08:27:31,981 - eliza.py[line:234] - DEBUG: After punctuation cleanupv 有效词语: "ggg"
2024-02-06 08:27:32,044 - eliza.py[line:237] - INFO: Input 输入: ['ggg']
2024-02-06 08:27:32,081 - eliza.py[line:240] - DEBUG: After pre-substitution 统一用词: ['ggg']
2024-02-06 08:27:32,083 - eliza.py[line:245] - INFO: Sorted keys 被匹配的关键词: []
2024-02-06 08:27:32,095 - eliza.py[line:262] - DEBUG: Output from xnone: ['What', 'does', 'that', 'suggest', 'to', 'you', '?']
2024-02-06 08:27:32,297 - eliza.py[line:227] - INFO: ---respond:g---
2024-02-06 08:27:32,297 - eliza.py[line:234] - DEBUG: After punctuation cleanupv 有效词语: "g"
2024-02-06 08:27:32,298 - eliza.py[line:237] - INFO: Input 输入: ['g']
2024-02-06 08:27:32,299 - eliza.py[line:240] - DEBUG: After pre-substitution 统一用词: ['g']
2024-02-06 08:27:32,299 - eliza.py[line:245] - INFO: Sorted keys 被匹配的关键词: []
2024-02-06 08:27:32,300 - eliza.py[line:262] - DEBUG: Output from xnone: ['Do', 'you', 'feel', 'strongly', 'about', 'discussing', 'such', 'things', '?']
2024-02-06 08:27:32,579 - eliza.py[line:227] - INFO: ---respond:gg---
2024-02-06 08:27:32,579 - eliza.py[line:234] - DEBUG: After punctuation cleanupv 有效词语: "gg"
2024-02-06 08:27:32,580 - eliza.py[line:237] - INFO: Input 输入: ['gg']
2024-02-06 08:27:32,580 - eliza.py[line:240] - DEBUG: After pre-substitution 统一用词: ['gg']
2024-02-06 08:27:32,581 - eliza.py[line:245] - INFO: Sorted keys 被匹配的关键词: []
2024-02-06 08:27:32,581 - eliza.py[line:262] - DEBUG: Output from xnone: ["I'm", 'not', 'sure', 'I', 'understand', 'you', 'fully.']
2024-02-06 08:27:32,838 - eliza.py[line:227] - INFO: ---respond:g---
2024-02-06 08:27:32,843 - eliza.py[line:234] - DEBUG: After punctuation cleanupv 有效词语: "g"
2024-02-06 08:27:32,863 - eliza.py[line:237] - INFO: Input 输入: ['g']
2024-02-06 08:27:32,869 - eliza.py[line:240] - DEBUG: After pre-substitution 统一用词: ['g']
2024-02-06 08:27:32,873 - eliza.py[line:245] - INFO: Sorted keys 被匹配的关键词: []
2024-02-06 08:27:32,875 - eliza.py[line:262] - DEBUG: Output from xnone: ['Please', 'go', 'on.']
2024-02-06 08:27:33,131 - eliza.py[line:227] - INFO: ---respond:---
2024-02-06 08:27:33,136 - eliza.py[line:234] - DEBUG: After punctuation cleanupv 有效词语: ""
2024-02-06 08:27:33,139 - eliza.py[line:237] - INFO: Input 输入: []
2024-02-06 08:27:33,142 - eliza.py[line:240] - DEBUG: After pre-substitution 统一用词: []
2024-02-06 08:27:33,146 - eliza.py[line:245] - INFO: Sorted keys 被匹配的关键词: []
2024-02-06 08:27:33,148 - eliza.py[line:262] - DEBUG: Output from xnone: ['What', 'does', 'that', 'suggest', 'to', 'you', '?']
2024-02-06 08:27:33,382 - eliza.py[line:227] - INFO: ---respond:g---
2024-02-06 08:27:33,392 - eliza.py[line:234] - DEBUG: After punctuation cleanupv 有效词语: "g"
2024-02-06 08:27:33,396 - eliza.py[line:237] - INFO: Input 输入: ['g']
2024-02-06 08:27:33,399 - eliza.py[line:240] - DEBUG: After pre-substitution 统一用词: ['g']
2024-02-06 08:27:33,403 - eliza.py[line:245] - INFO: Sorted keys 被匹配的关键词: []
2024-02-06 08:27:33,404 - eliza.py[line:262] - DEBUG: Output from xnone: ['Do', 'you', 'feel', 'strongly', 'about', 'discussing', 'such', 'things', '?']
2024-02-06 08:27:33,896 - eliza.py[line:227] - INFO: ---respond:gg---
2024-02-06 08:27:33,899 - eliza.py[line:234] - DEBUG: After punctuation cleanupv 有效词语: "gg"
2024-02-06 08:27:33,901 - eliza.py[line:237] - INFO: Input 输入: ['gg']
2024-02-06 08:27:33,907 - eliza.py[line:240] - DEBUG: After pre-substitution 统一用词: ['gg']
2024-02-06 08:27:33,909 - eliza.py[line:245] - INFO: Sorted keys 被匹配的关键词: []
2024-02-06 08:27:33,912 - eliza.py[line:262] - DEBUG: Output from xnone: ["I'm", 'not', 'sure', 'I', 'understand', 'you', 'fully.']
2024-02-06 08:27:34,026 - eliza.py[line:227] - INFO: ---respond:g---
2024-02-06 08:27:34,033 - eliza.py[line:234] - DEBUG: After punctuation cleanupv 有效词语: "g"
2024-02-06 08:27:34,035 - eliza.py[line:237] - INFO: Input 输入: ['g']
2024-02-06 08:27:34,036 - eliza.py[line:240] - DEBUG: After pre-substitution 统一用词: ['g']
2024-02-06 08:27:34,038 - eliza.py[line:245] - INFO: Sorted keys 被匹配的关键词: []
2024-02-06 08:27:34,041 - eliza.py[line:262] - DEBUG: Output from xnone: ['Please', 'go', 'on.']
